{
  "RSpec": {
    "coverage": {
      "/Users/student/Projects/Boris-Bikes-Final/spec/bike_spec.rb": {
        "lines": [
          1,
          null,
          1,
          2,
          null,
          1,
          1,
          null,
          null,
          1,
          1,
          1,
          null,
          null
        ]
      },
      "/Users/student/Projects/Boris-Bikes-Final/lib/bike.rb": {
        "lines": [
          1,
          1,
          null,
          1,
          4,
          null,
          null,
          1,
          2,
          null,
          null,
          1,
          1,
          null,
          null
        ]
      },
      "/Users/student/Projects/Boris-Bikes-Final/spec/docking_station_spec.rb": {
        "lines": [
          1,
          1,
          null,
          1,
          1,
          8,
          8,
          null,
          1,
          8,
          8,
          null,
          null,
          1,
          1,
          5,
          null,
          1,
          1,
          null,
          null,
          1,
          1,
          1,
          null,
          null,
          1,
          1,
          1,
          1,
          1,
          1,
          null,
          null,
          1,
          2,
          null,
          null,
          1,
          1,
          20,
          null,
          2,
          null,
          null,
          1,
          1,
          1,
          null,
          null,
          1,
          1,
          2,
          null,
          null,
          null
        ]
      },
      "/Users/student/Projects/Boris-Bikes-Final/lib/docking_station.rb": {
        "lines": [
          1,
          null,
          1,
          1,
          1,
          null,
          1,
          7,
          7,
          null,
          null,
          1,
          3,
          4,
          1,
          null,
          null,
          1,
          30,
          29,
          null,
          null,
          1,
          32,
          null,
          null,
          1,
          3,
          null,
          null,
          1,
          null,
          1,
          3,
          null,
          null,
          1,
          30,
          null,
          null,
          null
        ]
      }
    },
    "timestamp": 1589903165
  }
}
